<?xml version="1.0" encoding="UTF-8"?>
<testsuite xmlns:xsi="http://www.w3.org/2001/XMLSchema-instance" xsi:noNamespaceSchemaLocation="https://maven.apache.org/surefire/maven-surefire-plugin/xsd/surefire-test-report-3.0.xsd" version="3.0" name="it.pkg.TestNLPQueries" time="10.674" tests="2" errors="0" skipped="0" failures="0">
  <properties>
[...]
</properties>
  <testcase name="selectFromTable" classname="it.pkg.TestNLPQueries" time="0.903">
    <system-err><![CDATA[2024-09-25T18:56:06.450Z	INFO	main	io.airlift.log.Logging	Logging to stderr
2024-09-25T18:56:07.807Z	INFO	main	stdout	# WARNING: Unable to get Instrumentation. Dynamic Attach failed. You may add this JAR as -javaagent manually, or supply -Djdk.attach.allowAttachSelf
2024-09-25T18:56:08.930Z	INFO	main	stdout	# WARNING: Unable to attach Serviceability Agent. sun.jvm.hotspot.memory.Universe.getNarrowOopBase()
2024-09-25T18:56:09.826Z	INFO	main	io.trino.testing.DistributedQueryRunner	Created TestingDiscoveryServer in 2.78s
2024-09-25T18:56:12.897Z	INFO	main	io.trino.testing.DistributedQueryRunner	Created TestingTrinoServer coordinator in 3.07s: http://127.0.0.1:8080
2024-09-25T18:56:12.969Z	INFO	main	io.trino.testing.DistributedQueryRunner	Created DistributedQueryRunner in 5.92s (unclosed instances = 1)
2024-09-25T18:56:12.989Z	INFO	main	io.trino.testing.DistributedQueryRunner	Created catalog example in 16.55ms
]]></system-err>
  </testcase>
  <testcase name="showTables" classname="it.pkg.TestNLPQueries" time="0.381"/>
</testsuite>